"../../../../../../Users/sebastianlin/OneDrive - KamIT 365/Tiedostot/Unreal Projects/FinalBike1/FinalBike/Content/Widgets/Checkpoint_material.uasset" 0
"../../../../../../Users/sebastianlin/OneDrive - KamIT 365/Tiedostot/Unreal Projects/FinalBike1/FinalBike/Content/Widgets/Checkpoint_material_Inst.uasset" 1
"../../../Engine/Content/EngineMaterials/T_Default_Material_Grid_N.uasset" 2
"../../../Engine/Content/EngineMaterials/T_Default_Material_Grid_M.uasset" 3
"../../../Engine/Content/Functions/Engine_MaterialFunctions01/Opacity/CameraDepthFade.uasset" 4
"../../../Engine/Content/EngineMaterials/WorldGridMaterial.uasset" 5
"../../../Engine/Content/ArtTools/RenderToTexture/Meshes/S_1_Unit_Plane.uasset" 6
"../../../Engine/Content/EngineMaterials/DefaultMaterial.uasset" 7
"../../../Engine/Content/BasicShapes/Cone.uasset" 8
"../../../Engine/Content/BasicShapes/Sphere.uasset" 9
"../../../Engine/Content/EditorLandscapeResources/DataLayer.uasset" 10
"../../../Engine/Content/EditorLandscapeResources/DefaultAlphaTexture.uasset" 11
"../../../Engine/Content/EditorMaterials/MAT_Groups_Toggle.uasset" 12
"../../../Engine/Content/EditorMaterials/MAT_Groups_Visibility.uasset" 13
"../../../Engine/Content/EditorMaterials/PreviewShadowIndicator.uasset" 14
"../../../Engine/Content/EditorMaterials/PreviewShadowIndicatorMaterial.uasset" 15
"../../../Engine/Content/EditorMaterials/MatineeGroups/MAT_ColorTrack.uasset" 16
"../../../Engine/Content/EditorMaterials/MatineeGroups/MAT_Groups_Anim.uasset" 17
"../../../Engine/Content/EditorMaterials/MatineeGroups/MAT_Groups_AudioMaster.uasset" 18
"../../../Engine/Content/EditorMaterials/MatineeGroups/MAT_Groups_Director.uasset" 19
"../../../Engine/Content/EditorMaterials/MatineeGroups/MAT_Groups_Event.uasset" 20
"../../../Engine/Content/EditorMaterials/MatineeGroups/MAT_Groups_Fade.uasset" 21
"../../../Engine/Content/EditorMaterials/MatineeGroups/MAT_Groups_Float.uasset" 22
"../../../Engine/Content/EditorMaterials/MatineeGroups/MAT_Groups_Move.uasset" 23
"../../../Engine/Content/EditorMaterials/MatineeGroups/MAT_Groups_Slomo.uasset" 24
"../../../Engine/Content/EditorMaterials/MatineeGroups/MAT_Groups_Sound.uasset" 25
"../../../Engine/Content/EditorMaterials/MatineeGroups/MAT_Groups_Vector.uasset" 26
"../../../Engine/Content/EditorMaterials/ParticleSystems/PSysThumbnail_NoImage.uasset" 27
"../../../Engine/Content/EditorMaterials/ParticleSystems/PSysThumbnail_OOD.uasset" 28
"../../../Engine/Content/EditorMaterials/Camera/CineMat.uasset" 29
"../../../Engine/Content/EditorMaterials/Camera/MI_CineMat_Rig.uasset" 30
"../../../Engine/Content/EditorMeshes/Camera/SM_CraneRig_Arm.uasset" 31
"../../../Engine/Content/EditorMeshes/Camera/SM_CraneRig_Base.uasset" 32
"../../../Engine/Content/EditorMeshes/Camera/SM_CraneRig_Body.uasset" 33
"../../../Engine/Content/EditorMeshes/Camera/SM_CraneRig_Mount.uasset" 34
"../../../Engine/Content/EditorMeshes/Camera/SM_RailRig_Mount.uasset" 35
"../../../Engine/Content/EditorMeshes/Camera/SM_RailRig_Track.uasset" 36
"../../../Engine/Content/EditorResources/BSPVertex.uasset" 37
"../../../Engine/Content/EditorResources/EmptyActor.uasset" 38
"../../../Engine/Content/EditorResources/S_Actor.uasset" 39
"../../../Engine/Content/EditorResources/S_Note.uasset" 40
"../../../Engine/Content/EditorResources/S_Solver.uasset" 41
"../../../Engine/Content/EditorResources/S_Terrain.uasset" 42
"../../../Engine/Content/EditorResources/S_Trigger.uasset" 43
"../../../Engine/Content/EditorResources/LightIcons/S_LightError.uasset" 44
"../../../Engine/Content/EditorResources/SequenceRecorder/Countdown.uasset" 45
"../../../Engine/Content/EditorResources/SequenceRecorder/RecordingIndicator.uasset" 46
"../../../Engine/Content/EngineDamageTypes/DmgTypeBP_Environmental.uasset" 47
"../../../Engine/Content/EngineDebugMaterials/DebugEditorMaterial.uasset" 48
"../../../Engine/Content/EngineDebugMaterials/DebugMeshMaterial.uasset" 49
"../../../Engine/Content/EngineDebugMaterials/M_SimpleUnlitTranslucent.uasset" 50
"../../../Engine/Content/EngineDebugMaterials/VolumeToRender.uasset" 51
"../../../Engine/Content/Functions/Engine_MaterialFunctions02/Utility/CameraDirectionVector.uasset" 52
"../../../Engine/Content/EngineDebugMaterials/M_VolumeRenderSphereTracePP.uasset" 53
"../../../Engine/Content/Functions/Engine_MaterialFunctions01/Shading/ConvertFromDiffSpec.uasset" 54
"../../../Engine/Content/EngineDebugMaterials/VertexColorMaterial.uasset" 55
"../../../Engine/Content/EngineDebugMaterials/WireframeMaterial.uasset" 56
"../../../Engine/Content/EngineFonts/Faces/RobotoRegular.uasset" 57
"../../../Engine/Content/EngineFonts/Faces/RobotoLight.uasset" 58
"../../../Engine/Content/EngineFonts/Faces/RobotoItalic.uasset" 59
"../../../Engine/Content/EngineFonts/Faces/RobotoBoldItalic.uasset" 60
"../../../Engine/Content/EngineFonts/Faces/RobotoBold.uasset" 61
"../../../Engine/Content/EngineFonts/Faces/DroidSansFallback.uasset" 62
"../../../Engine/Content/EngineFonts/Roboto.uasset" 63
"../../../Engine/Content/EngineMaterials/BaseFlattenNormalMap.uasset" 64
"../../../Engine/Content/EngineMaterials/BaseFlattenGrayscaleMap.uasset" 65
"../../../Engine/Content/EngineMaterials/BaseFlattenEmissiveMap.uasset" 66
"../../../Engine/Content/EngineMaterials/BaseFlattenDiffuseMap.uasset" 67
"../../../Engine/Content/EngineMaterials/BaseFlattenMaterial.uasset" 68
"../../../Engine/Content/EngineMaterials/BlueNoise.uasset" 69
"../../../Engine/Content/EngineMaterials/DefaultBloomKernel.uasset" 70
"../../../Engine/Content/EngineMaterials/DefaultBokeh.uasset" 71
"../../../Engine/Content/EngineMaterials/DefaultDiffuse.uasset" 72
"../../../Engine/Content/EngineMaterials/DefaultDeferredDecalMaterial.uasset" 73
"../../../Engine/Content/EngineMaterials/DefaultLightFunctionMaterial.uasset" 74
"../../../Engine/Content/EngineMaterials/DefaultPhysicalMaterial.uasset" 75
"../../../Engine/Content/Functions/Engine_MaterialFunctions02/Utility/BreakOutFloat2Components.uasset" 76
"../../../Engine/Content/EngineMaterials/DefaultPostProcessMaterial.uasset" 77
"../../../Engine/Content/EngineFonts/RobotoDistanceField.uasset" 78
"../../../Engine/Content/EngineMaterials/DefaultTextMaterialOpaque.uasset" 79
"../../../Engine/Content/EngineMaterials/DefaultWhiteGrid_Low.uasset" 80
"../../../Engine/Content/EngineMaterials/EmissiveMeshMaterial.uasset" 81
"../../../Engine/Content/EngineMaterials/GizmoMaterial.uasset" 82
"../../../Engine/Content/EngineMaterials/Good64x64TilingNoiseHighFreq.uasset" 83
"../../../Engine/Content/EngineMaterials/MiniFont.uasset" 84
"../../../Engine/Content/EngineMaterials/InvalidLightmapSettings.uasset" 85
"../../../Engine/Content/EngineMaterials/M_InvalidLightmapSettings.uasset" 86
"../../../Engine/Content/Functions/Engine_MaterialFunctions02/WorldPositionOffset/CameraOffset.uasset" 87
"../../../Engine/Content/EngineMaterials/PhAT_JointLimitMaterial.uasset" 88
"../../../Engine/Content/EngineMaterials/PreintegratedSkinBRDF.uasset" 89
"../../../Engine/Content/EngineMaterials/RemoveSurfaceMaterial.uasset" 90
"../../../Engine/Content/EngineMaterials/WeightMapPlaceholderTexture.uasset" 91
"../../../Engine/Content/EngineResources/WhiteSquareTexture.uasset" 92
"../../../Engine/Content/EngineMaterials/Widget3DPassThrough.uasset" 93
"../../../Engine/Content/EngineMaterials/Widget3DPassThrough_Masked.uasset" 94
"../../../Engine/Content/EngineMaterials/Widget3DPassThrough_Opaque.uasset" 95
"../../../Engine/Content/EngineMaterials/Widget3DPassThrough_Masked_OneSided.uasset" 96
"../../../Engine/Content/EngineMaterials/Widget3DPassThrough_Opaque_OneSided.uasset" 97
"../../../Engine/Content/EngineMaterials/Widget3DPassThrough_Translucent.uasset" 98
"../../../Engine/Content/EngineMaterials/Widget3DPassThrough_Translucent_OneSided.uasset" 99
"../../../Engine/Content/EngineMeshes/Cylinder.uasset" 100
"../../../Engine/Content/EngineMeshes/Sphere.uasset" 101
"../../../Engine/Content/EngineResources/DefaultTextureCube.uasset" 102
"../../../Engine/Content/EngineResources/DefaultVolumeTexture2D.uasset" 103
"../../../Engine/Content/EngineResources/DefaultVolumeTexture.uasset" 104
"../../../Engine/Content/EngineResources/GradientTexture0.uasset" 105
"../../../Engine/Content/EngineSky/VolumetricClouds/T_NoiseShape64.uasset" 106
"../../../Engine/Content/EngineSky/VolumetricClouds/T_VolumeNoiseShape64.uasset" 107
"../../../Engine/Content/EngineSky/VolumetricClouds/T_NoiseErosion.uasset" 108
"../../../Engine/Content/EngineSky/VolumetricClouds/T_VolumeNoiseErosion32.uasset" 109
"../../../Engine/Content/EngineSky/VolumetricClouds/CloudWeatherTexture.uasset" 110
"../../../Engine/Content/EngineSky/VolumetricClouds/CloudGradientTexture.uasset" 111
"../../../Engine/Content/Functions/Engine_MaterialFunctions02/Utility/MakeFloat2.uasset" 112
"../../../Engine/Content/EngineSky/VolumetricClouds/m_SimpleVolumetricCloud.uasset" 113
"../../../Engine/Content/EngineSky/VolumetricClouds/m_SimpleVolumetricCloud_Inst.uasset" 114
"../../../Engine/Content/EngineSounds/Master.uasset" 115
"../../../Engine/Content/Functions/Engine_MaterialFunctions01/Shading/PowerToRoughness.uasset" 116
"../../../Engine/Content/Maps/Templates/Thumbnails/Default.uasset" 117
"../../../Engine/Content/Maps/Templates/Thumbnails/TimeOfDay.uasset" 118
"../../../Engine/Content/Maps/Templates/Thumbnails/VR-Basic.uasset" 119
"../../../Engine/Content/MobileResources/T_MobileControls_texture.uasset" 120
"../../../Engine/Content/MobileResources/T_MobileMenu2.uasset" 121
"../../../Engine/Content/MobileResources/HUD/AnalogHat.uasset" 122
"../../../Engine/Content/MobileResources/HUD/VirtualJoystick_Background.uasset" 123
"../../../Engine/Content/MobileResources/HUD/VirtualJoystick_Thumb.uasset" 124
"../../../Engine/Content/MobileResources/HUD/DefaultVirtualJoysticks.uasset" 125
"../../../Engine/Content/MobileResources/HUD/LeftVirtualJoystickOnly.uasset" 126
"../../../Engine/Content/MobileResources/HUD/MobileHUDButton1_off.uasset" 127
"../../../Engine/Content/MobileResources/HUD/MobileHUDButton1_on.uasset" 128
"../../../Engine/Content/MobileResources/HUD/MobileHUDButton2_off.uasset" 129
"../../../Engine/Content/MobileResources/HUD/MobileHUDButton2_on.uasset" 130
"../../../Engine/Content/MobileResources/HUD/MobileHUDButton3.uasset" 131
"../../../Engine/Content/MobileResources/HUD/MobileHUDButtonFire.uasset" 132
"../../../Engine/Content/MobileResources/HUD/MobileHUDDirectionPad.uasset" 133
"../../../Engine/Content/MobileResources/HUD/MobileHUDDirectionPad2.uasset" 134
"../../../Engine/Content/MobileResources/HUD/MobileHUDDirectionPad3.uasset" 135
"../../../Engine/Content/MobileResources/HUD/MobileHUDDirectionStick.uasset" 136
"../../../Engine/Content/MobileResources/HUD/T_Castle_ThumbstickInner.uasset" 137
"../../../Engine/Content/MobileResources/HUD/T_Castle_ThumbstickOutter.uasset" 138
"../../../Engine/Content/Tutorial/ContentIntroCurve.uasset" 139
"../../../Engine/Content/Tutorial/Basics/LevelEditorAttract.uasset" 140
"../../../Engine/Content/VREditor/TransformGizmo/TranslucentTransformGizmoMaterial.uasset" 141
"../../../Engine/Content/VREditor/LaserPointer/VR_LaserPower_01.uasset" 142
"../../../Engine/Content/VREditor/TransformGizmo/TransformGizmoMaterial.uasset" 143
"../../../Engine/Content/VREditor/TransformGizmo/BoundingBoxCorner.uasset" 144
"../../../Engine/Content/VREditor/TransformGizmo/BoundingBoxEdge.uasset" 145
"../../../Engine/Content/VREditor/TransformGizmo/PlaneTranslationHandle.uasset" 146
"../../../Engine/Content/VREditor/TransformGizmo/Xray.uasset" 147
"../../../Engine/Content/VREditor/TransformGizmo/Main.uasset" 148
"../../../Engine/Content/VREditor/TransformGizmo/SM_Sequencer_Key.uasset" 149
"../../../Engine/Content/VREditor/TransformGizmo/SM_Sequencer_Node.uasset" 150
"../../Plugins/2D/Paper2D/Content/PlaceholderTextures/DummySpriteTexture.uasset" 151
"../../Plugins/2D/Paper2D/Content/DummySprite.uasset" 152
"../../Plugins/2D/Paper2D/Content/DefaultPaperTerrainMaterial.uasset" 153
"../../Plugins/2D/Paper2D/Content/DefaultSpriteMaterial.uasset" 154
"../../Plugins/2D/Paper2D/Content/MaskedUnlitSpriteMaterial.uasset" 155
"../../Plugins/2D/Paper2D/Content/OpaqueUnlitSpriteMaterial.uasset" 156
"../../../Engine/Content/Functions/Engine_MaterialFunctions02/Utility/BreakOutFloat3Components.uasset" 157
"../../Plugins/Editor/SpeedTreeImporter/Content/SpeedTree9/UnpackInteger3.uasset" 158
"../../Plugins/Editor/SpeedTreeImporter/Content/SpeedTree9/UnpackDirection.uasset" 159
"../../Plugins/Editor/SpeedTreeImporter/Content/SpeedTree9/game_wind_noise.uasset" 160
"../../../Engine/Content/Functions/Engine_MaterialFunctions02/SafeNormalize.uasset" 161
"../../Plugins/Editor/SpeedTreeImporter/Content/SpeedTree9/SpeedTreeWindMotion.uasset" 162
"../../Plugins/Editor/SpeedTreeImporter/Content/SpeedTree9/SpeedTreeBranchMotion.uasset" 163
"../../../Engine/Content/Functions/Engine_MaterialFunctions02/ObjectLocalBounds.uasset" 164
"../../../Engine/Content/Functions/Engine_MaterialFunctions02/UVs/BoundingBoxBased_0-1_UVW.uasset" 165
"../../Plugins/Editor/SpeedTreeImporter/Content/SpeedTree9/SpeedTreeWind.uasset" 166
"../../Plugins/Editor/SpeedTreeImporter/Content/SpeedTree9/SpeedTreeBillboard.uasset" 167
"../../../Engine/Content/EngineResources/DefaultTexture.uasset" 168
"../../Plugins/Editor/SpeedTreeImporter/Content/SpeedTree9/SpeedTreeBillboardMaster.uasset" 169
"../../Plugins/Editor/SpeedTreeImporter/Content/SpeedTree9/SpeedTreeCameraFacing.uasset" 170
"../../Plugins/Editor/SpeedTreeImporter/Content/SpeedTree9/SpeedTreeMaster.uasset" 171
"../../../Engine/Content/BasicShapes/Cylinder.uasset" 172
"../../../Engine/Content/ArtTools/RenderToTexture/Materials/Debug/M_Emissive_Color.uasset" 173
"../../Plugins/Lumin/MagicLeapPassableWorld/Content/MagicLeapARPinInfoActor.uasset" 174
"../../../Engine/Content/Functions/Engine_MaterialFunctions02/Utility/BreakOutFloat4Components.uasset" 175
"../../../Engine/Content/Functions/Engine_MaterialFunctions02/Utility/MakeFloat3.uasset" 176
"../../Plugins/Runtime/Oculus/OculusVR/Content/Materials/OculusMR_ChromaKey.uasset" 177
"../../Plugins/Runtime/Oculus/OculusVR/Content/Materials/OculusMR_OpaqueColoredMaterial.uasset" 178
"../../Plugins/Runtime/Oculus/OculusVR/Content/Materials/PokeAHoleMaterial.uasset" 179
"../../../../../../Users/sebastianlin/OneDrive - KamIT 365/Tiedostot/Unreal Projects/FinalBike1/FinalBike/Content/Widgets/Menu.uasset" 180
"../../../../../../Users/sebastianlin/OneDrive - KamIT 365/Tiedostot/Unreal Projects/FinalBike1/FinalBike/Content/Maps/MainMenu.umap" 181
"../../../../../../Users/sebastianlin/OneDrive - KamIT 365/Tiedostot/Unreal Projects/FinalBike1/FinalBike/Content/VehicleBP/Blueprints/VehicleHUD.uasset" 182
"../../../Engine/Content/Functions/Engine_MaterialFunctions03/Procedurals/ComputeFilterWidth.uasset" 183
"../../../Engine/Content/EngineMaterials/AntiAliasedTextMaterialTranslucent.uasset" 184
"../../../../../../Users/sebastianlin/OneDrive - KamIT 365/Tiedostot/Unreal Projects/FinalBike1/FinalBike/Content/VehicleBP/Sedan/Sedan_FrontWheel.uasset" 185
"../../../../../../Users/sebastianlin/OneDrive - KamIT 365/Tiedostot/Unreal Projects/FinalBike1/FinalBike/Content/VehicleBP/Sedan/Sedan_BackWheel.uasset" 186
"../../../../../../Users/sebastianlin/OneDrive - KamIT 365/Tiedostot/Unreal Projects/FinalBike1/FinalBike/Content/Vehicle/Sedan/Sedan_PhysMat.uasset" 187
"../../../../../../Users/sebastianlin/OneDrive - KamIT 365/Tiedostot/Unreal Projects/FinalBike1/FinalBike/Content/Vehicle/Sedan/Materials/M_Vehicle_Sedan.uasset" 188
"../../../../../../Users/sebastianlin/OneDrive - KamIT 365/Tiedostot/Unreal Projects/FinalBike1/FinalBike/Content/Vehicle/Sedan/Materials/M_Vehicle_Sedan_Inst_Wheels.uasset" 189
"../../../../../../Users/sebastianlin/OneDrive - KamIT 365/Tiedostot/Unreal Projects/FinalBike1/FinalBike/Content/Vehicle/Sedan/Materials/M_Vehicle_Sedan_Inst_Tires.uasset" 190
"../../../../../../Users/sebastianlin/OneDrive - KamIT 365/Tiedostot/Unreal Projects/FinalBike1/FinalBike/Content/Vehicle/Sedan/Materials/M_Vehicle_Sedan_Inst_TailLights.uasset" 191
"../../../../../../Users/sebastianlin/OneDrive - KamIT 365/Tiedostot/Unreal Projects/FinalBike1/FinalBike/Content/Vehicle/Sedan/Materials/M_Vehicle_Sedan_Inst_Plastic.uasset" 192
"../../../../../../Users/sebastianlin/OneDrive - KamIT 365/Tiedostot/Unreal Projects/FinalBike1/FinalBike/Content/Vehicle/Sedan/Materials/M_Vehicle_Sedan_Inst_Headlights.uasset" 193
"../../../../../../Users/sebastianlin/OneDrive - KamIT 365/Tiedostot/Unreal Projects/FinalBike1/FinalBike/Content/Vehicle/Sedan/Materials/M_Vehicle_Sedan_Inst_Glass.uasset" 194
"../../../../../../Users/sebastianlin/OneDrive - KamIT 365/Tiedostot/Unreal Projects/FinalBike1/FinalBike/Content/Vehicle/Sedan/Sedan_PhysicsAsset.uasset" 195
"../../../../../../Users/sebastianlin/OneDrive - KamIT 365/Tiedostot/Unreal Projects/FinalBike1/FinalBike/Content/Vehicle/Sedan/Sedan_Skeleton.uasset" 196
"../../../../../../Users/sebastianlin/OneDrive - KamIT 365/Tiedostot/Unreal Projects/FinalBike1/FinalBike/Content/Vehicle/Sedan/Sedan_SkelMesh.uasset" 197
"../../../../../../Users/sebastianlin/OneDrive - KamIT 365/Tiedostot/Unreal Projects/FinalBike1/FinalBike/Content/Vehicle/Sedan/Sedan_AnimBP.uasset" 198
"../../../../../../Users/sebastianlin/OneDrive - KamIT 365/Tiedostot/Unreal Projects/FinalBike1/FinalBike/Content/VehicleBP/Sedan/Sedan.uasset" 199
"../../../../../../Users/sebastianlin/OneDrive - KamIT 365/Tiedostot/Unreal Projects/FinalBike1/FinalBike/Content/Widgets/GameOver.uasset" 200
"../../../../../../Users/sebastianlin/OneDrive - KamIT 365/Tiedostot/Unreal Projects/FinalBike1/FinalBike/Content/Mannequin/Character/Mesh/SK_Mannequin_PhysicsAsset.uasset" 201
"../../../../../../Users/sebastianlin/OneDrive - KamIT 365/Tiedostot/Unreal Projects/FinalBike1/FinalBike/Content/Mannequin/Character/Textures/T_UE4Logo_N.uasset" 202
"../../../../../../Users/sebastianlin/OneDrive - KamIT 365/Tiedostot/Unreal Projects/FinalBike1/FinalBike/Content/Mannequin/Character/Textures/T_UE4Logo_Mask.uasset" 203
"../../../../../../Users/sebastianlin/OneDrive - KamIT 365/Tiedostot/Unreal Projects/FinalBike1/FinalBike/Content/Mannequin/Character/Textures/T_Male_N.uasset" 204
"../../../../../../Users/sebastianlin/OneDrive - KamIT 365/Tiedostot/Unreal Projects/FinalBike1/FinalBike/Content/Mannequin/Character/Textures/T_Male_Mask.uasset" 205
"../../../../../../Users/sebastianlin/OneDrive - KamIT 365/Tiedostot/Unreal Projects/FinalBike1/FinalBike/Content/Mannequin/Character/Materials/MaterialLayers/T_ML_Rubber_Blue_01_N.uasset" 206
"../../../../../../Users/sebastianlin/OneDrive - KamIT 365/Tiedostot/Unreal Projects/FinalBike1/FinalBike/Content/Mannequin/Character/Materials/MaterialLayers/T_ML_Rubber_Blue_01_D.uasset" 207
"../../../../../../Users/sebastianlin/OneDrive - KamIT 365/Tiedostot/Unreal Projects/FinalBike1/FinalBike/Content/Mannequin/Character/Materials/MaterialLayers/T_ML_Aluminum01_N.uasset" 208
"../../../../../../Users/sebastianlin/OneDrive - KamIT 365/Tiedostot/Unreal Projects/FinalBike1/FinalBike/Content/Mannequin/Character/Materials/MaterialLayers/T_ML_Aluminum01.uasset" 209
"../../../../../../Users/sebastianlin/OneDrive - KamIT 365/Tiedostot/Unreal Projects/FinalBike1/FinalBike/Content/Mannequin/Character/Materials/MaterialLayers/ML_SoftMetal_UE4.uasset" 210
"../../../../../../Users/sebastianlin/OneDrive - KamIT 365/Tiedostot/Unreal Projects/FinalBike1/FinalBike/Content/Mannequin/Character/Materials/MaterialLayers/ML_Plastic_Shiny_Beige_LOGO.uasset" 211
"../../../../../../Users/sebastianlin/OneDrive - KamIT 365/Tiedostot/Unreal Projects/FinalBike1/FinalBike/Content/Mannequin/Character/Materials/MaterialLayers/ML_Plastic_Shiny_Beige.uasset" 212
"../../../../../../Users/sebastianlin/OneDrive - KamIT 365/Tiedostot/Unreal Projects/FinalBike1/FinalBike/Content/Mannequin/Character/Materials/MaterialLayers/ML_GlossyBlack_Latex_UE4.uasset" 213
"../../../Engine/Content/Functions/MaterialLayerFunctions/MatLayerBlend_Simple.uasset" 214
"../../../Engine/Content/Functions/Engine_MaterialFunctions02/Utility/BlendAngleCorrectedNormals.uasset" 215
"../../../Engine/Content/Functions/MaterialLayerFunctions/MatLayerBlend_NormalBlend.uasset" 216
"../../../../../../Users/sebastianlin/OneDrive - KamIT 365/Tiedostot/Unreal Projects/FinalBike1/FinalBike/Content/Mannequin/Character/Materials/M_Male_Body.uasset" 217
"../../../../../../Users/sebastianlin/OneDrive - KamIT 365/Tiedostot/Unreal Projects/FinalBike1/FinalBike/Content/Mannequin/Character/Materials/M_UE4Man_ChestLogo.uasset" 218
"../../../../../../Users/sebastianlin/OneDrive - KamIT 365/Tiedostot/Unreal Projects/FinalBike1/FinalBike/Content/Mannequin/Character/Mesh/UE4_Mannequin_Skeleton.uasset" 219
"../../../../../../Users/sebastianlin/OneDrive - KamIT 365/Tiedostot/Unreal Projects/FinalBike1/FinalBike/Content/Mannequin/Character/Mesh/SK_Mannequin.uasset" 220
"../../../Engine/Content/EditorBlueprintResources/StandardMacros.uasset" 221
"../../../Engine/Content/Animation/DefaultAnimCurveCompressionSettings.uasset" 222
"../../../Engine/Content/Animation/DefaultAnimBoneCompressionSettings.uasset" 223
"../../../../../../Users/sebastianlin/OneDrive - KamIT 365/Tiedostot/Unreal Projects/FinalBike1/FinalBike/Content/Mannequin/Animations/ThirdPersonWalk.uasset" 224
"../../../../../../Users/sebastianlin/OneDrive - KamIT 365/Tiedostot/Unreal Projects/FinalBike1/FinalBike/Content/Mannequin/Animations/ThirdPersonRun.uasset" 225
"../../../../../../Users/sebastianlin/OneDrive - KamIT 365/Tiedostot/Unreal Projects/FinalBike1/FinalBike/Content/Mannequin/Animations/ThirdPersonIdle.uasset" 226
"../../../../../../Users/sebastianlin/OneDrive - KamIT 365/Tiedostot/Unreal Projects/FinalBike1/FinalBike/Content/Mannequin/Animations/ThirdPerson_IdleRun_2D.uasset" 227
"../../../../../../Users/sebastianlin/OneDrive - KamIT 365/Tiedostot/Unreal Projects/FinalBike1/FinalBike/Content/Mannequin/Animations/ThirdPerson_Jump.uasset" 228
"../../../../../../Users/sebastianlin/OneDrive - KamIT 365/Tiedostot/Unreal Projects/FinalBike1/FinalBike/Content/Mannequin/Animations/ThirdPersonJump_Start.uasset" 229
"../../../../../../Users/sebastianlin/OneDrive - KamIT 365/Tiedostot/Unreal Projects/FinalBike1/FinalBike/Content/Mannequin/Animations/ThirdPersonJump_Loop.uasset" 230
"../../../../../../Users/sebastianlin/OneDrive - KamIT 365/Tiedostot/Unreal Projects/FinalBike1/FinalBike/Content/Mannequin/Animations/ThirdPerson_AnimBP.uasset" 231
"../../../../../../Users/sebastianlin/OneDrive - KamIT 365/Tiedostot/Unreal Projects/FinalBike1/FinalBike/Content/ThirdPersonBP/Blueprints/ThirdPersonCharacter.uasset" 232
"../../../../../../Users/sebastianlin/OneDrive - KamIT 365/Tiedostot/Unreal Projects/FinalBike1/FinalBike/Content/Widgets/Timer.uasset" 233
"../../../../../../Users/sebastianlin/OneDrive - KamIT 365/Tiedostot/Unreal Projects/FinalBike1/FinalBike/Content/Bicycle_Model/White_Metal.uasset" 234
"../../../../../../Users/sebastianlin/OneDrive - KamIT 365/Tiedostot/Unreal Projects/FinalBike1/FinalBike/Content/Bicycle_Model/Seat.uasset" 235
"../../../../../../Users/sebastianlin/OneDrive - KamIT 365/Tiedostot/Unreal Projects/FinalBike1/FinalBike/Content/Bicycle_Model/Bicycle_Normals.uasset" 236
"../../../../../../Users/sebastianlin/OneDrive - KamIT 365/Tiedostot/Unreal Projects/FinalBike1/FinalBike/Content/Bicycle_Model/Rubber.uasset" 237
"../../../../../../Users/sebastianlin/OneDrive - KamIT 365/Tiedostot/Unreal Projects/FinalBike1/FinalBike/Content/Bicycle_Model/Red_Metal.uasset" 238
"../../../../../../Users/sebastianlin/OneDrive - KamIT 365/Tiedostot/Unreal Projects/FinalBike1/FinalBike/Content/Bicycle_Model/Plastic.uasset" 239
"../../../../../../Users/sebastianlin/OneDrive - KamIT 365/Tiedostot/Unreal Projects/FinalBike1/FinalBike/Content/Bicycle_Model/Leather.uasset" 240
"../../../../../../Users/sebastianlin/OneDrive - KamIT 365/Tiedostot/Unreal Projects/FinalBike1/FinalBike/Content/Bicycle_Model/Frame.uasset" 241
"../../../../../../Users/sebastianlin/OneDrive - KamIT 365/Tiedostot/Unreal Projects/FinalBike1/FinalBike/Content/Bicycle_Model/Chrome.uasset" 242
"../../../../../../Users/sebastianlin/OneDrive - KamIT 365/Tiedostot/Unreal Projects/FinalBike1/FinalBike/Content/Bicycle_Model/Blue_Metal.uasset" 243
"../../../../../../Users/sebastianlin/OneDrive - KamIT 365/Tiedostot/Unreal Projects/FinalBike1/FinalBike/Content/Bicycle_Model/Black_metal.uasset" 244
"../../../../../../Users/sebastianlin/OneDrive - KamIT 365/Tiedostot/Unreal Projects/FinalBike1/FinalBike/Content/Bicycle_Model/Bicycle_Unreal.uasset" 245
"../../../Engine/Content/BasicShapes/BasicShapeMaterial.uasset" 246
"../../../../../../Users/sebastianlin/OneDrive - KamIT 365/Tiedostot/Unreal Projects/FinalBike1/FinalBike/Content/Maps/ProtoMap_BuiltData.uasset" 247
"../../../../../../Users/sebastianlin/OneDrive - KamIT 365/Tiedostot/Unreal Projects/FinalBike1/FinalBike/Content/Megascans/3D_Assets/Huge_Canyon_Sandstone_Cliff_vb1macxfa/Roughness_2K_vb1macxfa.uasset" 248
"../../../../../../Users/sebastianlin/OneDrive - KamIT 365/Tiedostot/Unreal Projects/FinalBike1/FinalBike/Content/Megascans/3D_Assets/Huge_Canyon_Sandstone_Cliff_vb1macxfa/Normal_2K_LOD0_vb1macxfa.uasset" 249
"../../../../../../Users/sebastianlin/OneDrive - KamIT 365/Tiedostot/Unreal Projects/FinalBike1/FinalBike/Content/Megascans/3D_Assets/Huge_Canyon_Sandstone_Cliff_vb1macxfa/Albedo_2K_vb1macxfa.uasset" 250
"../../Plugins/2D/Paper2D/Content/PlaceholderTextures/FlatNormalMap.uasset" 251
"../../../Engine/Content/EngineResources/Black.uasset" 252
"../../../Engine/Content/EngineMaterials/DefaultNormal.uasset" 253
"../../../Engine/Content/ArtTools/RenderToTexture/Textures/127grey.uasset" 254
"../../../../../../Users/sebastianlin/OneDrive - KamIT 365/Tiedostot/Unreal Projects/FinalBike1/FinalBike/Content/MSPresets/MS_DefaultMaterial/Functions/MF_Transmission.uasset" 255
"../../../Engine/Content/Functions/Engine_MaterialFunctions02/Texturing/CustomRotator.uasset" 256
"../../../../../../Users/sebastianlin/OneDrive - KamIT 365/Tiedostot/Unreal Projects/FinalBike1/FinalBike/Content/MSPresets/MS_DefaultMaterial/Functions/MF_Tiling.uasset" 257
"../../../../../../Users/sebastianlin/OneDrive - KamIT 365/Tiedostot/Unreal Projects/FinalBike1/FinalBike/Content/MSPresets/MS_DefaultMaterial/Functions/MF_MapAdjustments.uasset" 258
"../../../../../../Users/sebastianlin/OneDrive - KamIT 365/Tiedostot/Unreal Projects/FinalBike1/FinalBike/Content/MSPresets/MS_DefaultMaterial/Functions/MF_DetailNormalTiling.uasset" 259
"../../../../../../Users/sebastianlin/OneDrive - KamIT 365/Tiedostot/Unreal Projects/FinalBike1/FinalBike/Content/MSPresets/MS_DefaultMaterial/MS_DefaultMaterial.uasset" 260
"../../../../../../Users/sebastianlin/OneDrive - KamIT 365/Tiedostot/Unreal Projects/FinalBike1/FinalBike/Content/Megascans/3D_Assets/Huge_Canyon_Sandstone_Cliff_vb1macxfa/Huge_Canyon_Sandstone_Cliff_vb1macxfa_inst.uasset" 261
"../../../../../../Users/sebastianlin/OneDrive - KamIT 365/Tiedostot/Unreal Projects/FinalBike1/FinalBike/Content/Art/MergeMeshAssest/MergeMesh_rockwall.uasset" 262
"../../../../../../Users/sebastianlin/OneDrive - KamIT 365/Tiedostot/Unreal Projects/FinalBike1/FinalBike/Content/Megascans/Surfaces/Canyon_Rocky_Ground_2x2_M_vbznabun/Roughness_2K_vbznabun.uasset" 263
"../../../../../../Users/sebastianlin/OneDrive - KamIT 365/Tiedostot/Unreal Projects/FinalBike1/FinalBike/Content/Megascans/Surfaces/Canyon_Rocky_Ground_2x2_M_vbznabun/Normal_2K_vbznabun.uasset" 264
"../../../../../../Users/sebastianlin/OneDrive - KamIT 365/Tiedostot/Unreal Projects/FinalBike1/FinalBike/Content/Megascans/Surfaces/Canyon_Rocky_Ground_2x2_M_vbznabun/Albedo_2K_vbznabun.uasset" 265
"../../../../../../Users/sebastianlin/OneDrive - KamIT 365/Tiedostot/Unreal Projects/FinalBike1/FinalBike/Content/Megascans/Surfaces/Canyon_Rocky_Ground_2x2_M_vbznabun/Canyon_Rocky_Ground_2x2_M_vbznabun_inst.uasset" 266
"../../../../../../Users/sebastianlin/OneDrive - KamIT 365/Tiedostot/Unreal Projects/FinalBike1/FinalBike/Content/Megascans/3D_Assets/Huge_Canyon_Sandstone_Cliff_vb1macxfa/Huge_Canyon_Sandstone_Cliff_LOD0_vb1macxfa.uasset" 267
"../../../../../../Users/sebastianlin/OneDrive - KamIT 365/Tiedostot/Unreal Projects/FinalBike1/FinalBike/Content/Megascans/3D_Assets/Canyon_Sandstone_Rock_ulebdjn/Roughness_2K_ulebdjn.uasset" 268
"../../../../../../Users/sebastianlin/OneDrive - KamIT 365/Tiedostot/Unreal Projects/FinalBike1/FinalBike/Content/Megascans/3D_Assets/Canyon_Sandstone_Rock_ulebdjn/Normal_2K_LOD0_ulebdjn.uasset" 269
"../../../../../../Users/sebastianlin/OneDrive - KamIT 365/Tiedostot/Unreal Projects/FinalBike1/FinalBike/Content/Megascans/3D_Assets/Canyon_Sandstone_Rock_ulebdjn/Albedo_2K_ulebdjn.uasset" 270
"../../../../../../Users/sebastianlin/OneDrive - KamIT 365/Tiedostot/Unreal Projects/FinalBike1/FinalBike/Content/Megascans/3D_Assets/Canyon_Sandstone_Rock_ulebdjn/Canyon_Sandstone_Rock_ulebdjn_inst.uasset" 271
"../../../../../../Users/sebastianlin/OneDrive - KamIT 365/Tiedostot/Unreal Projects/FinalBike1/FinalBike/Content/Megascans/3D_Assets/Canyon_Sandstone_Rock_ulebdjn/Canyon_Sandstone_Rock_LOD0_ulebdjn.uasset" 272
"../../../../../../Users/sebastianlin/OneDrive - KamIT 365/Tiedostot/Unreal Projects/FinalBike1/FinalBike/Content/Megascans/3D_Assets/Cactus_udugdfvfa/Roughness_2K_udugdfvfa.uasset" 273
"../../../../../../Users/sebastianlin/OneDrive - KamIT 365/Tiedostot/Unreal Projects/FinalBike1/FinalBike/Content/Megascans/3D_Assets/Cactus_udugdfvfa/Normal_2K_LOD0_udugdfvfa.uasset" 274
"../../../../../../Users/sebastianlin/OneDrive - KamIT 365/Tiedostot/Unreal Projects/FinalBike1/FinalBike/Content/Megascans/3D_Assets/Cactus_udugdfvfa/Albedo_2K_udugdfvfa.uasset" 275
"../../../../../../Users/sebastianlin/OneDrive - KamIT 365/Tiedostot/Unreal Projects/FinalBike1/FinalBike/Content/Megascans/3D_Assets/Cactus_udugdfvfa/Cactus_udugdfvfa_inst.uasset" 276
"../../../../../../Users/sebastianlin/OneDrive - KamIT 365/Tiedostot/Unreal Projects/FinalBike1/FinalBike/Content/Megascans/3D_Assets/Cactus_udugdfvfa/Cactus_LOD0_udugdfvfa.uasset" 277
"../../../../../../Users/sebastianlin/OneDrive - KamIT 365/Tiedostot/Unreal Projects/FinalBike1/FinalBike/Content/Art/TerrainParts/terrain_part_0001_default_noise.uasset" 278
"../../../../../../Users/sebastianlin/OneDrive - KamIT 365/Tiedostot/Unreal Projects/FinalBike1/FinalBike/Content/Art/NewLandPieces/TexturesCom_Ground_MudCracked_1K_roughness.uasset" 279
"../../../../../../Users/sebastianlin/OneDrive - KamIT 365/Tiedostot/Unreal Projects/FinalBike1/FinalBike/Content/Art/NewLandPieces/TexturesCom_Ground_MudCracked_1K_ao.uasset" 280
"../../../../../../Users/sebastianlin/OneDrive - KamIT 365/Tiedostot/Unreal Projects/FinalBike1/FinalBike/Content/Art/NewLandPieces/TexturesCom_Ground_MudCracked_1K_albedo.uasset" 281
"../../../../../../Users/sebastianlin/OneDrive - KamIT 365/Tiedostot/Unreal Projects/FinalBike1/FinalBike/Content/Art/NewLandPieces/cracked_mud.uasset" 282
"../../../../../../Users/sebastianlin/OneDrive - KamIT 365/Tiedostot/Unreal Projects/FinalBike1/FinalBike/Content/Art/NewLandPieces/land_piece_0003_middle_mound.uasset" 283
"../../../../../../Users/sebastianlin/OneDrive - KamIT 365/Tiedostot/Unreal Projects/FinalBike1/FinalBike/Content/Art/MergeMeshAssest/stoneCollect.uasset" 284
"../../../../../../Users/sebastianlin/OneDrive - KamIT 365/Tiedostot/Unreal Projects/FinalBike1/FinalBike/Content/BP/Tile8X.uasset" 285
"../../../../../../Users/sebastianlin/OneDrive - KamIT 365/Tiedostot/Unreal Projects/FinalBike1/FinalBike/Content/BP/Tile8.uasset" 286
"../../../../../../Users/sebastianlin/OneDrive - KamIT 365/Tiedostot/Unreal Projects/FinalBike1/FinalBike/Content/Megascans/3D_Plants/Sea_Wheatgrass_ui2oagjia/Translucency_2K_ui2oagjia.uasset" 287
"../../../Engine/Content/EngineMaterials/DefaultWhiteGrid.uasset" 288
"../../../Engine/Content/EngineMaterials/BlendFunc_DefBlend.uasset" 289
"../../../Engine/Content/EngineMaterials/BlendFunc_DefBase.uasset" 290
"../../../Engine/Content/Functions/Engine_MaterialFunctions03/Blends/Blend_Overlay.uasset" 291
"../../../Engine/Content/Functions/Engine_MaterialFunctions01/WorldPositionOffset/SimpleGrassWind.uasset" 292
"../../../Engine/Content/Functions/Engine_MaterialFunctions01/Texturing/FlattenNormal.uasset" 293
"../../../Engine/Content/Functions/Engine_MaterialFunctions01/SpeedTree/SpeedTreeColorVariation.uasset" 294
"../../../../../../Users/sebastianlin/OneDrive - KamIT 365/Tiedostot/Unreal Projects/FinalBike1/FinalBike/Content/MSPresets/Foliage_Material/Foliage_Material.uasset" 295
"../../../../../../Users/sebastianlin/OneDrive - KamIT 365/Tiedostot/Unreal Projects/FinalBike1/FinalBike/Content/Megascans/3D_Plants/Sea_Wheatgrass_ui2oagjia/Roughness_2K_ui2oagjia.uasset" 296
"../../../../../../Users/sebastianlin/OneDrive - KamIT 365/Tiedostot/Unreal Projects/FinalBike1/FinalBike/Content/Megascans/3D_Plants/Sea_Wheatgrass_ui2oagjia/Opacity_2K_ui2oagjia.uasset" 297
"../../../../../../Users/sebastianlin/OneDrive - KamIT 365/Tiedostot/Unreal Projects/FinalBike1/FinalBike/Content/Megascans/3D_Plants/Sea_Wheatgrass_ui2oagjia/Normal_2K_ui2oagjia.uasset" 298
"../../../../../../Users/sebastianlin/OneDrive - KamIT 365/Tiedostot/Unreal Projects/FinalBike1/FinalBike/Content/Megascans/3D_Plants/Sea_Wheatgrass_ui2oagjia/Albedo_2K_ui2oagjia.uasset" 299
"../../../../../../Users/sebastianlin/OneDrive - KamIT 365/Tiedostot/Unreal Projects/FinalBike1/FinalBike/Content/Megascans/3D_Plants/Sea_Wheatgrass_ui2oagjia/Sea_Wheatgrass_ui2oagjia_inst.uasset" 300
"../../../Engine/Content/Functions/Engine_MaterialFunctions02/WorldPositionOffset/ObjectPivotPoint.uasset" 301
"../../../Engine/Content/Functions/Engine_MaterialFunctions02/Utility/VectorToRadialValue.uasset" 302
"../../../Engine/Content/Functions/Engine_MaterialFunctions02/Math/Transform3x3Matrix.uasset" 303
"../../../Engine/Content/ArtTools/RenderToTexture/MaterialFunctions/FoliageZRotation.uasset" 304
"../../../../../../Users/sebastianlin/OneDrive - KamIT 365/Tiedostot/Unreal Projects/FinalBike1/FinalBike/Content/MSPresets/Billboard_Material/Billboard_Material.uasset" 305
"../../../../../../Users/sebastianlin/OneDrive - KamIT 365/Tiedostot/Unreal Projects/FinalBike1/FinalBike/Content/Megascans/3D_Plants/Sea_Wheatgrass_ui2oagjia/Billboard/Billboard_2K_Translucency.uasset" 306
"../../../../../../Users/sebastianlin/OneDrive - KamIT 365/Tiedostot/Unreal Projects/FinalBike1/FinalBike/Content/Megascans/3D_Plants/Sea_Wheatgrass_ui2oagjia/Billboard/Billboard_2K_Roughness.uasset" 307
"../../../../../../Users/sebastianlin/OneDrive - KamIT 365/Tiedostot/Unreal Projects/FinalBike1/FinalBike/Content/Megascans/3D_Plants/Sea_Wheatgrass_ui2oagjia/Billboard/Billboard_2K_Opacity.uasset" 308
"../../../../../../Users/sebastianlin/OneDrive - KamIT 365/Tiedostot/Unreal Projects/FinalBike1/FinalBike/Content/Megascans/3D_Plants/Sea_Wheatgrass_ui2oagjia/Billboard/Billboard_2K_Normal.uasset" 309
"../../../../../../Users/sebastianlin/OneDrive - KamIT 365/Tiedostot/Unreal Projects/FinalBike1/FinalBike/Content/Megascans/3D_Plants/Sea_Wheatgrass_ui2oagjia/Billboard/Billboard_2K_Albedo.uasset" 310
"../../../../../../Users/sebastianlin/OneDrive - KamIT 365/Tiedostot/Unreal Projects/FinalBike1/FinalBike/Content/Megascans/3D_Plants/Sea_Wheatgrass_ui2oagjia/Billboard/Sea_Wheatgrass_ui2oagjia_Billboard_inst.uasset" 311
"../../../../../../Users/sebastianlin/OneDrive - KamIT 365/Tiedostot/Unreal Projects/FinalBike1/FinalBike/Content/Megascans/3D_Plants/Sea_Wheatgrass_ui2oagjia/Sea_Wheatgrass_LOD0_Var1_ui2oagjia_1.uasset" 312
"../../../../../../Users/sebastianlin/OneDrive - KamIT 365/Tiedostot/Unreal Projects/FinalBike1/FinalBike/Content/Art/NewLandPieces/land_piece_0011_villen_pala.uasset" 313
"../../../../../../Users/sebastianlin/OneDrive - KamIT 365/Tiedostot/Unreal Projects/FinalBike1/FinalBike/Content/BP/Tile7X.uasset" 314
"../../../../../../Users/sebastianlin/OneDrive - KamIT 365/Tiedostot/Unreal Projects/FinalBike1/FinalBike/Content/BP/Tile7.uasset" 315
"../../../../../../Users/sebastianlin/OneDrive - KamIT 365/Tiedostot/Unreal Projects/FinalBike1/FinalBike/Content/Art/TerrainParts/terrain_part_0005_planet_noise.uasset" 316
"../../../../../../Users/sebastianlin/OneDrive - KamIT 365/Tiedostot/Unreal Projects/FinalBike1/FinalBike/Content/Art/NewLandPieces/land_piece_0013_outo_mutka.uasset" 317
"../../../../../../Users/sebastianlin/OneDrive - KamIT 365/Tiedostot/Unreal Projects/FinalBike1/FinalBike/Content/BP/Tile5X.uasset" 318
"../../../../../../Users/sebastianlin/OneDrive - KamIT 365/Tiedostot/Unreal Projects/FinalBike1/FinalBike/Content/BP/Tile5.uasset" 319
"../../../../../../Users/sebastianlin/OneDrive - KamIT 365/Tiedostot/Unreal Projects/FinalBike1/FinalBike/Content/Art/TerrainParts/terrain_part_0006_ridged_mfractal.uasset" 320
"../../../../../../Users/sebastianlin/OneDrive - KamIT 365/Tiedostot/Unreal Projects/FinalBike1/FinalBike/Content/Art/NewLandPieces/land_piece_0012_NEW_big_sculpt.uasset" 321
"../../../../../../Users/sebastianlin/OneDrive - KamIT 365/Tiedostot/Unreal Projects/FinalBike1/FinalBike/Content/Art/MergeMeshAssest/grassCollect_003.uasset" 322
"../../../../../../Users/sebastianlin/OneDrive - KamIT 365/Tiedostot/Unreal Projects/FinalBike1/FinalBike/Content/BP/Tile4X.uasset" 323
"../../../../../../Users/sebastianlin/OneDrive - KamIT 365/Tiedostot/Unreal Projects/FinalBike1/FinalBike/Content/BP/Tile4.uasset" 324
"../../../../../../Users/sebastianlin/OneDrive - KamIT 365/Tiedostot/Unreal Projects/FinalBike1/FinalBike/Content/Art/TerrainParts/TexturesCom_Ground_MudCracked_1K_roughness.uasset" 325
"../../../../../../Users/sebastianlin/OneDrive - KamIT 365/Tiedostot/Unreal Projects/FinalBike1/FinalBike/Content/Art/TerrainParts/TexturesCom_Ground_MudCracked_1K_ao.uasset" 326
"../../../../../../Users/sebastianlin/OneDrive - KamIT 365/Tiedostot/Unreal Projects/FinalBike1/FinalBike/Content/Art/TerrainParts/TexturesCom_Ground_MudCracked_1K_albedo.uasset" 327
"../../../../../../Users/sebastianlin/OneDrive - KamIT 365/Tiedostot/Unreal Projects/FinalBike1/FinalBike/Content/Art/TerrainParts/cracked_mud.uasset" 328
"../../../../../../Users/sebastianlin/OneDrive - KamIT 365/Tiedostot/Unreal Projects/FinalBike1/FinalBike/Content/Art/TerrainParts/terrain_part_0002_another_noise.uasset" 329
"../../../../../../Users/sebastianlin/OneDrive - KamIT 365/Tiedostot/Unreal Projects/FinalBike1/FinalBike/Content/Art/ProceduralPieces/pd_level_0006_slim_middle.uasset" 330
"../../../../../../Users/sebastianlin/OneDrive - KamIT 365/Tiedostot/Unreal Projects/FinalBike1/FinalBike/Content/Art/MergeMeshAssest/bohjaGubbe.uasset" 331
"../../../../../../Users/sebastianlin/OneDrive - KamIT 365/Tiedostot/Unreal Projects/FinalBike1/FinalBike/Content/BP/Tile3X.uasset" 332
"../../../../../../Users/sebastianlin/OneDrive - KamIT 365/Tiedostot/Unreal Projects/FinalBike1/FinalBike/Content/BP/Tile3.uasset" 333
"../../../../../../Users/sebastianlin/OneDrive - KamIT 365/Tiedostot/Unreal Projects/FinalBike1/FinalBike/Content/Art/NewLandPieces/land_piece_0002_small_sculpt.uasset" 334
"../../../../../../Users/sebastianlin/OneDrive - KamIT 365/Tiedostot/Unreal Projects/FinalBike1/FinalBike/Content/BP/Tile2X.uasset" 335
"../../../../../../Users/sebastianlin/OneDrive - KamIT 365/Tiedostot/Unreal Projects/FinalBike1/FinalBike/Content/BP/Tile2.uasset" 336
"../../../../../../Users/sebastianlin/OneDrive - KamIT 365/Tiedostot/Unreal Projects/FinalBike1/FinalBike/Content/Art/ProceduralPieces/pd_level_0002.uasset" 337
"../../../../../../Users/sebastianlin/OneDrive - KamIT 365/Tiedostot/Unreal Projects/FinalBike1/FinalBike/Content/BP/Tile1X.uasset" 338
"../../../../../../Users/sebastianlin/OneDrive - KamIT 365/Tiedostot/Unreal Projects/FinalBike1/FinalBike/Content/BP/Tile1.uasset" 339
"../../../../../../Users/sebastianlin/OneDrive - KamIT 365/Tiedostot/Unreal Projects/FinalBike1/FinalBike/Content/ThirdPersonBP/Blueprints/CycleGameMode.uasset" 340
"../../../../../../Users/sebastianlin/OneDrive - KamIT 365/Tiedostot/Unreal Projects/FinalBike1/FinalBike/Content/Art/LandPieces/TexturesCom_Ground_MudCracked_1K_roughness.uasset" 341
"../../../../../../Users/sebastianlin/OneDrive - KamIT 365/Tiedostot/Unreal Projects/FinalBike1/FinalBike/Content/Art/LandPieces/TexturesCom_Ground_MudCracked_1K_ao.uasset" 342
"../../../../../../Users/sebastianlin/OneDrive - KamIT 365/Tiedostot/Unreal Projects/FinalBike1/FinalBike/Content/Art/LandPieces/TexturesCom_Ground_MudCracked_1K_albedo.uasset" 343
"../../../../../../Users/sebastianlin/OneDrive - KamIT 365/Tiedostot/Unreal Projects/FinalBike1/FinalBike/Content/Art/LandPieces/cracked_mud.uasset" 344
"../../../../../../Users/sebastianlin/OneDrive - KamIT 365/Tiedostot/Unreal Projects/FinalBike1/FinalBike/Content/Art/LandPieces/land_piece_0001_original_gansta.uasset" 345
"../../../../../../Users/sebastianlin/OneDrive - KamIT 365/Tiedostot/Unreal Projects/FinalBike1/FinalBike/Content/BP/BP_WorldTile.uasset" 346
"../../../Engine/Content/BasicShapes/Plane.uasset" 347
"../../../../../../Users/sebastianlin/OneDrive - KamIT 365/Tiedostot/Unreal Projects/FinalBike1/FinalBike/Content/Widgets/Checkpoint.uasset" 348
"../../../../../../Users/sebastianlin/OneDrive - KamIT 365/Tiedostot/Unreal Projects/FinalBike1/FinalBike/Content/Art/OtherAssest/startGate/TexturesCom_Wood_Worn_1K_roughness.uasset" 349
"../../../../../../Users/sebastianlin/OneDrive - KamIT 365/Tiedostot/Unreal Projects/FinalBike1/FinalBike/Content/Art/OtherAssest/startGate/TexturesCom_Wood_Worn_1K_normal.uasset" 350
"../../../../../../Users/sebastianlin/OneDrive - KamIT 365/Tiedostot/Unreal Projects/FinalBike1/FinalBike/Content/Art/OtherAssest/startGate/TexturesCom_Wood_Worn_1K_height.uasset" 351
"../../../../../../Users/sebastianlin/OneDrive - KamIT 365/Tiedostot/Unreal Projects/FinalBike1/FinalBike/Content/Art/OtherAssest/startGate/TexturesCom_Wood_Worn_1K_ao.uasset" 352
"../../../../../../Users/sebastianlin/OneDrive - KamIT 365/Tiedostot/Unreal Projects/FinalBike1/FinalBike/Content/Art/OtherAssest/startGate/TexturesCom_Wood_Worn_1K_albedo.uasset" 353
"../../../../../../Users/sebastianlin/OneDrive - KamIT 365/Tiedostot/Unreal Projects/FinalBike1/FinalBike/Content/Art/OtherAssest/startGate/woodWorn.uasset" 354
"../../../../../../Users/sebastianlin/OneDrive - KamIT 365/Tiedostot/Unreal Projects/FinalBike1/FinalBike/Content/Art/OtherAssest/startGateBase/sgBase.uasset" 355
"../../../../../../Users/sebastianlin/OneDrive - KamIT 365/Tiedostot/Unreal Projects/FinalBike1/FinalBike/Content/Art/OtherAssest/startGate/startGate1.uasset" 356
"../../../../../../Users/sebastianlin/OneDrive - KamIT 365/Tiedostot/Unreal Projects/FinalBike1/FinalBike/Content/Art/OtherAssest/advertisingStand/redWhite_commit_cola.uasset" 357
"../../../../../../Users/sebastianlin/OneDrive - KamIT 365/Tiedostot/Unreal Projects/FinalBike1/FinalBike/Content/Art/OtherAssest/advertisingStand/fabric.uasset" 358
"../../../../../../Users/sebastianlin/OneDrive - KamIT 365/Tiedostot/Unreal Projects/FinalBike1/FinalBike/Content/Art/OtherAssest/advertisingStand/commit_cola_mainos_teksti.uasset" 359
"../../../../../../Users/sebastianlin/OneDrive - KamIT 365/Tiedostot/Unreal Projects/FinalBike1/FinalBike/Content/Art/OtherAssest/advertisingStand/TexturesCom_Metal_SteelRusted_1K_roughness.uasset" 360
"../../../../../../Users/sebastianlin/OneDrive - KamIT 365/Tiedostot/Unreal Projects/FinalBike1/FinalBike/Content/Art/OtherAssest/advertisingStand/TexturesCom_Metal_SteelRusted_1K_normal.uasset" 361
"../../../../../../Users/sebastianlin/OneDrive - KamIT 365/Tiedostot/Unreal Projects/FinalBike1/FinalBike/Content/Art/OtherAssest/advertisingStand/TexturesCom_Metal_SteelRusted_1K_metallic.uasset" 362
"../../../../../../Users/sebastianlin/OneDrive - KamIT 365/Tiedostot/Unreal Projects/FinalBike1/FinalBike/Content/Art/OtherAssest/advertisingStand/TexturesCom_Metal_SteelRusted_1K_height.uasset" 363
"../../../../../../Users/sebastianlin/OneDrive - KamIT 365/Tiedostot/Unreal Projects/FinalBike1/FinalBike/Content/Art/OtherAssest/advertisingStand/TexturesCom_Metal_SteelRusted_1K_ao.uasset" 364
"../../../../../../Users/sebastianlin/OneDrive - KamIT 365/Tiedostot/Unreal Projects/FinalBike1/FinalBike/Content/Art/OtherAssest/advertisingStand/TexturesCom_Metal_SteelRusted_1K_albedo.uasset" 365
"../../../../../../Users/sebastianlin/OneDrive - KamIT 365/Tiedostot/Unreal Projects/FinalBike1/FinalBike/Content/Art/OtherAssest/advertisingStand/metalRust.uasset" 366
"../../../../../../Users/sebastianlin/OneDrive - KamIT 365/Tiedostot/Unreal Projects/FinalBike1/FinalBike/Content/Art/OtherAssest/advertisingStand/advertising_stand.uasset" 367
"../../../../../../Users/sebastianlin/OneDrive - KamIT 365/Tiedostot/Unreal Projects/FinalBike1/FinalBike/Content/Art/NewLandPieces/land_piece_0001_Mothers_of_perkele.uasset" 368
"../../../../../../Users/sebastianlin/OneDrive - KamIT 365/Tiedostot/Unreal Projects/FinalBike1/FinalBike/Content/BP/StartTilev2.uasset" 369
"../../../../../../Users/sebastianlin/OneDrive - KamIT 365/Tiedostot/Unreal Projects/FinalBike1/FinalBike/Content/Art/ProceduralPieces/aloitus_pala_versio_kolome.uasset" 370
"../../../../../../Users/sebastianlin/OneDrive - KamIT 365/Tiedostot/Unreal Projects/FinalBike1/FinalBike/Content/Art/MergeMeshAssest/grassCollect_001.uasset" 371
"../../../../../../Users/sebastianlin/OneDrive - KamIT 365/Tiedostot/Unreal Projects/FinalBike1/FinalBike/Content/BP/StartTile.uasset" 372
"../../../Engine/Content/EngineSky/T_Sky_Stars.uasset" 373
"../../../Engine/Content/EngineSky/T_Sky_Clouds_M.uasset" 374
"../../../Engine/Content/EngineSky/T_Sky_Blue.uasset" 375
"../../../Engine/Content/BasicShapes/Cube.uasset" 376
"../../../Engine/Content/EngineSky/M_Sky_Panning_Clouds2.uasset" 377
"../../../Engine/Content/EngineSky/SM_SkySphere.uasset" 378
"../../../Engine/Content/EngineSky/C_Sky_Zenith_Color.uasset" 379
"../../../Engine/Content/EngineSky/C_Sky_Horizon_Color.uasset" 380
"../../../Engine/Content/EngineSky/C_Sky_Cloud_Color.uasset" 381
"../../../Engine/Content/EngineSky/BP_Sky_Sphere.uasset" 382
"../../../../../../Users/sebastianlin/OneDrive - KamIT 365/Tiedostot/Unreal Projects/FinalBike1/FinalBike/Content/Maps/ProtoMap.umap" 383
"../../../Engine/Content/Maps/Entry_BuiltData.uasset" 384
"../../../Engine/Content/Maps/Entry.umap" 385
